🩺 The doctor is checking the health of your Storybook..
╭ Incompatible packages found ───────────────────────────────────────╮
│                                                                    │
│   The following packages are incompatible with Storybook 7.6.17    │
│   as they depend on different major versions of Storybook          │
│   packages:                                                        │
│   - @storybook/addon-a11y@8.0.5                                    │
│   Repo: https://github.com/storybookjs/storybook/tree/next/code/   │
│   addons/a11y                                                      │
│                                                                    │
│                                                                    │
│   Please consider updating your packages or contacting the         │
│   maintainers for compatibility details.                           │
│   For more on Storybook 8 compatibility, see the linked GitHub     │
│   issue:                                                           │
│   https://github.com/storybookjs/storybook/issues/26031            │
│                                                                    │
╰────────────────────────────────────────────────────────────────────╯

You can always recheck the health of your project by running:
npx storybook doctor

Full logs are available in I:\workspace\development\rocketseat\05-design-system\packages\docs\doctor-storybook.log
